<?xml version="1.0" encoding="UTF-8"?>
<!-- Generated by org.testng.reporters.JUnitReportReporter -->
<testsuite hostname="LAPTOP-PNTPNAHG" failures="0" tests="1" name="in.swiggy.testscript.TestRunner" time="10.542" errors="0" timestamp="2022-09-02T11:07:05 IST" skipped="0">
  <testcase classname="in.swiggy.testscript.TestRunner" name="runScenario" time="10.542"/>
  <system-out/>
</testsuite> <!-- in.swiggy.testscript.TestRunner -->
